<?xml version="1.0" encoding="UTF-8"?>
<!-- Generated by org.testng.reporters.JUnitXMLReporter -->
<testsuite ignored="0" hostname="BENRADHAS2" failures="0" tests="4" name="Default test" time="16.015" errors="0" timestamp="2025-02-06T05:35:38 IST">
  <testcase classname="com.qa.opencart.Tests.LoginPageTest" name="forgotPasswordExists" time="1.4"/>
  <testcase classname="com.qa.opencart.Tests.LoginPageTest" name="loginPageTitleTest" time="0.012"/>
  <testcase classname="com.qa.opencart.Tests.LoginPageTest" name="loginPageURLTest" time="0.018"/>
  <testcase classname="com.qa.opencart.Tests.LoginPageTest" name="loginTest" time="0.738"/>
</testsuite> <!-- Default test -->
