<?xml version="1.0" encoding="UTF-8"?>
<!-- Generated by org.testng.reporters.JUnitXMLReporter -->
<testsuite ignored="1" hostname="BENRADHAS2" failures="0" tests="3" name="Default test" time="11.707" errors="0" timestamp="2025-02-17T16:07:51 IST">
  <testcase classname="com.qa.opencart.Tests.ProductInfoPageTest" name="productSearchHeaderTest" time="1.161"/>
  <testcase classname="com.qa.opencart.Tests.ProductInfoPageTest" name="productSearchHeaderTest" time="0.923"/>
  <testcase classname="com.qa.opencart.Tests.ProductInfoPageTest" name="productSearchHeaderTest" time="0.829"/>
  <testcase classname="com.qa.opencart.Tests.ProductInfoPageTest" name="productImagesCountTest" time="0.0">
    <ignored/>
  </testcase> <!-- productImagesCountTest -->
</testsuite> <!-- Default test -->
