<?xml version="1.0" encoding="UTF-8"?>
<testng-results ignored="0" total="3" passed="3" failed="0" skipped="0">
  <reporter-output>
  </reporter-output>
  <suite started-at="2025-02-17T16:07:39 IST" name="Default suite" finished-at="2025-02-17T16:07:51 IST" duration-ms="11707">
    <groups>
    </groups>
    <test started-at="2025-02-17T16:07:39 IST" name="Default test" finished-at="2025-02-17T16:07:51 IST" duration-ms="11707">
      <class name="com.qa.opencart.Tests.ProductInfoPageTest">
        <test-method is-config="true" signature="setUp()[pri:0, instance:com.qa.opencart.Tests.ProductInfoPageTest@7c7a06ec]" started-at="2025-02-17T16:07:39 IST" name="setUp" finished-at="2025-02-17T16:07:45 IST" duration-ms="5929" status="PASS">
          <reporter-output>
          </reporter-output>
        </test-method> <!-- setUp -->
        <test-method is-config="true" signature="productInfoSetUp()[pri:0, instance:com.qa.opencart.Tests.ProductInfoPageTest@7c7a06ec]" started-at="2025-02-17T16:07:45 IST" name="productInfoSetUp" finished-at="2025-02-17T16:07:46 IST" duration-ms="610" status="PASS">
          <reporter-output>
          </reporter-output>
        </test-method> <!-- productInfoSetUp -->
        <test-method signature="productSearchHeaderTest(java.lang.String,java.lang.String)[pri:0, instance:com.qa.opencart.Tests.ProductInfoPageTest@7c7a06ec]" started-at="2025-02-17T16:07:46 IST" name="productSearchHeaderTest" data-provider="getProductData" finished-at="2025-02-17T16:07:47 IST" duration-ms="1161" status="PASS">
          <params>
            <param index="0">
              <value>
                <![CDATA[macbook]]>
              </value>
            </param>
            <param index="1">
              <value>
                <![CDATA[MacBook Pro]]>
              </value>
            </param>
          </params>
          <reporter-output>
          </reporter-output>
        </test-method> <!-- productSearchHeaderTest -->
        <test-method signature="productSearchHeaderTest(java.lang.String,java.lang.String)[pri:0, instance:com.qa.opencart.Tests.ProductInfoPageTest@7c7a06ec]" started-at="2025-02-17T16:07:47 IST" name="productSearchHeaderTest" data-provider="getProductData" finished-at="2025-02-17T16:07:48 IST" duration-ms="923" status="PASS">
          <params>
            <param index="0">
              <value>
                <![CDATA[imac]]>
              </value>
            </param>
            <param index="1">
              <value>
                <![CDATA[iMac]]>
              </value>
            </param>
          </params>
          <reporter-output>
          </reporter-output>
        </test-method> <!-- productSearchHeaderTest -->
        <test-method signature="productSearchHeaderTest(java.lang.String,java.lang.String)[pri:0, instance:com.qa.opencart.Tests.ProductInfoPageTest@7c7a06ec]" started-at="2025-02-17T16:07:48 IST" name="productSearchHeaderTest" data-provider="getProductData" finished-at="2025-02-17T16:07:49 IST" duration-ms="829" status="PASS">
          <params>
            <param index="0">
              <value>
                <![CDATA[samsung]]>
              </value>
            </param>
            <param index="1">
              <value>
                <![CDATA[Samsung SyncMaster 941BW]]>
              </value>
            </param>
          </params>
          <reporter-output>
          </reporter-output>
        </test-method> <!-- productSearchHeaderTest -->
        <test-method is-config="true" signature="logoutTest()[pri:0, instance:com.qa.opencart.Tests.ProductInfoPageTest@7c7a06ec]" started-at="2025-02-17T16:07:49 IST" name="logoutTest" finished-at="2025-02-17T16:07:49 IST" duration-ms="460" status="PASS">
          <reporter-output>
          </reporter-output>
        </test-method> <!-- logoutTest -->
        <test-method is-config="true" signature="tearDown()[pri:0, instance:com.qa.opencart.Tests.ProductInfoPageTest@7c7a06ec]" started-at="2025-02-17T16:07:49 IST" name="tearDown" finished-at="2025-02-17T16:07:51 IST" duration-ms="1747" status="PASS">
          <reporter-output>
          </reporter-output>
        </test-method> <!-- tearDown -->
      </class> <!-- com.qa.opencart.Tests.ProductInfoPageTest -->
    </test> <!-- Default test -->
  </suite> <!-- Default suite -->
</testng-results>
