<?xml version="1.0" encoding="UTF-8"?>
<testng-results ignored="0" total="4" passed="4" failed="0" skipped="0">
  <reporter-output>
  </reporter-output>
  <suite started-at="2025-02-06T05:35:22 IST" name="Default suite" finished-at="2025-02-06T05:35:38 IST" duration-ms="16015">
    <groups>
    </groups>
    <test started-at="2025-02-06T05:35:22 IST" name="Default test" finished-at="2025-02-06T05:35:38 IST" duration-ms="16015">
      <class name="com.qa.opencart.Tests.LoginPageTest">
        <test-method is-config="true" signature="setUp()[pri:0, instance:com.qa.opencart.Tests.LoginPageTest@78691363]" started-at="2025-02-06T05:35:22 IST" name="setUp" finished-at="2025-02-06T05:35:34 IST" duration-ms="11955" status="PASS">
          <reporter-output>
          </reporter-output>
        </test-method> <!-- setUp -->
        <test-method signature="forgotPasswordExists()[pri:0, instance:com.qa.opencart.Tests.LoginPageTest@78691363]" started-at="2025-02-06T05:35:34 IST" name="forgotPasswordExists" finished-at="2025-02-06T05:35:36 IST" duration-ms="1400" status="PASS">
          <reporter-output>
          </reporter-output>
        </test-method> <!-- forgotPasswordExists -->
        <test-method signature="loginPageTitleTest()[pri:0, instance:com.qa.opencart.Tests.LoginPageTest@78691363]" started-at="2025-02-06T05:35:36 IST" name="loginPageTitleTest" finished-at="2025-02-06T05:35:36 IST" duration-ms="12" status="PASS">
          <reporter-output>
          </reporter-output>
        </test-method> <!-- loginPageTitleTest -->
        <test-method signature="loginPageURLTest()[pri:0, instance:com.qa.opencart.Tests.LoginPageTest@78691363]" started-at="2025-02-06T05:35:36 IST" name="loginPageURLTest" finished-at="2025-02-06T05:35:36 IST" duration-ms="18" status="PASS">
          <reporter-output>
          </reporter-output>
        </test-method> <!-- loginPageURLTest -->
        <test-method signature="loginTest()[pri:0, instance:com.qa.opencart.Tests.LoginPageTest@78691363]" started-at="2025-02-06T05:35:36 IST" name="loginTest" finished-at="2025-02-06T05:35:36 IST" duration-ms="738" status="PASS">
          <reporter-output>
          </reporter-output>
        </test-method> <!-- loginTest -->
        <test-method is-config="true" signature="tearDown()[pri:0, instance:com.qa.opencart.Tests.LoginPageTest@78691363]" started-at="2025-02-06T05:35:36 IST" name="tearDown" finished-at="2025-02-06T05:35:38 IST" duration-ms="1835" status="PASS">
          <reporter-output>
          </reporter-output>
        </test-method> <!-- tearDown -->
      </class> <!-- com.qa.opencart.Tests.LoginPageTest -->
    </test> <!-- Default test -->
  </suite> <!-- Default suite -->
</testng-results>
